#! /home1/c/cis5710/tools/bin/vvp
:ivl_version "11.0 (stable)" "(v11_0)";
:ivl_delay_selection "TYPICAL";
:vpi_time_precision - 12;
:vpi_module "/home1/c/cis5710/tools/lib/ivl/system.vpi";
:vpi_module "/home1/c/cis5710/tools/lib/ivl/vhdl_sys.vpi";
:vpi_module "/home1/c/cis5710/tools/lib/ivl/vhdl_textio.vpi";
:vpi_module "/home1/c/cis5710/tools/lib/ivl/v2005_math.vpi";
:vpi_module "/home1/c/cis5710/tools/lib/ivl/va_math.vpi";
S_0x111cf70 .scope module, "test_regfile" "test_regfile" 2 16;
 .timescale -9 -12;
v0x1156d70_0 .var "clk", 0 0;
v0x1156e30_0 .var/i "errors", 31 0;
v0x1156f10_0 .var "expectedValue1", 15 0;
v0x1157000_0 .var "expectedValue2", 15 0;
v0x11570e0_0 .var "gwe", 0 0;
v0x1157180_0 .var/i "input_file", 31 0;
v0x1157260_0 .var/i "output_file", 31 0;
v0x1157340_0 .var "rd", 2 0;
v0x1157400_0 .var "rs", 2 0;
v0x11574d0_0 .net "rs_data", 15 0, L_0x115a650;  1 drivers
v0x11575a0_0 .var "rst", 0 0;
v0x1157640_0 .var "rt", 2 0;
v0x1157710_0 .net "rt_data", 15 0, L_0x115bd90;  1 drivers
v0x11577e0_0 .var/i "tests", 31 0;
v0x11578a0_0 .var "wdata", 15 0;
v0x1157960_0 .var "wen", 0 0;
S_0x111b7f0 .scope task, "printPoints" "printPoints" 3 1, 3 1 0, S_0x111cf70;
 .timescale -9 -12;
v0x11197b0_0 .var "actual", 31 0;
v0x1118030_0 .var "possible", 31 0;
TD_test_regfile.printPoints ;
    %vpi_call 3 4 "$display", "<scorePossible>%d</scorePossible>", v0x1118030_0 {0 0 0};
    %vpi_call 3 5 "$display", "<scoreActual>%d</scoreActual>", v0x11197b0_0 {0 0 0};
    %end;
S_0x114d150 .scope module, "regfile" "lc4_regfile" 2 41, 4 14 0, S_0x111cf70;
 .timescale -9 -12;
    .port_info 0 /INPUT 1 "clk";
    .port_info 1 /INPUT 1 "gwe";
    .port_info 2 /INPUT 1 "rst";
    .port_info 3 /INPUT 3 "i_rs";
    .port_info 4 /OUTPUT 16 "o_rs_data";
    .port_info 5 /INPUT 3 "i_rt";
    .port_info 6 /OUTPUT 16 "o_rt_data";
    .port_info 7 /INPUT 3 "i_rd";
    .port_info 8 /INPUT 16 "i_wdata";
    .port_info 9 /INPUT 1 "i_rd_we";
P_0x114d350 .param/l "n" 0 4 14, +C4<00000000000000000000000000010000>;
L_0x1116790 .functor AND 1, L_0x1157c10, v0x1157960_0, C4<1>, C4<1>;
L_0x10fb960 .functor AND 1, L_0x1157f50, v0x1157960_0, C4<1>, C4<1>;
L_0x112d060 .functor AND 1, L_0x1158180, v0x1157960_0, C4<1>, C4<1>;
L_0x1158490 .functor AND 1, L_0x1158340, v0x1157960_0, C4<1>, C4<1>;
L_0x1158820 .functor AND 1, L_0x1158730, v0x1157960_0, C4<1>, C4<1>;
L_0x1158ba0 .functor AND 1, L_0x1158a40, v0x1157960_0, C4<1>, C4<1>;
L_0x1158ef0 .functor AND 1, L_0x1158e00, v0x1157960_0, C4<1>, C4<1>;
L_0x1159470 .functor AND 1, L_0x1159330, v0x1157960_0, C4<1>, C4<1>;
L_0x7fc3f5eb0018 .functor BUFT 1, C4<000>, C4<0>, C4<0>, C4<0>;
v0x11526f0_0 .net/2u *"_ivl_0", 2 0, L_0x7fc3f5eb0018;  1 drivers
v0x11527f0_0 .net *"_ivl_100", 0 0, L_0x115acb0;  1 drivers
L_0x7fc3f5eb0528 .functor BUFT 1, C4<011>, C4<0>, C4<0>, C4<0>;
v0x11528b0_0 .net/2u *"_ivl_102", 2 0, L_0x7fc3f5eb0528;  1 drivers
v0x1152970_0 .net *"_ivl_104", 0 0, L_0x115ad50;  1 drivers
L_0x7fc3f5eb0570 .functor BUFT 1, C4<100>, C4<0>, C4<0>, C4<0>;
v0x1152a30_0 .net/2u *"_ivl_106", 2 0, L_0x7fc3f5eb0570;  1 drivers
v0x1152b60_0 .net *"_ivl_108", 0 0, L_0x115af20;  1 drivers
L_0x7fc3f5eb05b8 .functor BUFT 1, C4<101>, C4<0>, C4<0>, C4<0>;
v0x1152c20_0 .net/2u *"_ivl_110", 2 0, L_0x7fc3f5eb05b8;  1 drivers
v0x1152d00_0 .net *"_ivl_112", 0 0, L_0x115b010;  1 drivers
L_0x7fc3f5eb0600 .functor BUFT 1, C4<110>, C4<0>, C4<0>, C4<0>;
v0x1152dc0_0 .net/2u *"_ivl_114", 2 0, L_0x7fc3f5eb0600;  1 drivers
v0x1152ea0_0 .net *"_ivl_116", 0 0, L_0x115b1f0;  1 drivers
v0x1152f60_0 .net *"_ivl_118", 15 0, L_0x115b3f0;  1 drivers
L_0x7fc3f5eb00a8 .functor BUFT 1, C4<010>, C4<0>, C4<0>, C4<0>;
v0x1153040_0 .net/2u *"_ivl_12", 2 0, L_0x7fc3f5eb00a8;  1 drivers
v0x1153120_0 .net *"_ivl_120", 15 0, L_0x115b5e0;  1 drivers
v0x1153200_0 .net *"_ivl_122", 15 0, L_0x115b680;  1 drivers
v0x11532e0_0 .net *"_ivl_124", 15 0, L_0x115b880;  1 drivers
v0x11533c0_0 .net *"_ivl_126", 15 0, L_0x115b970;  1 drivers
v0x11534a0_0 .net *"_ivl_128", 15 0, L_0x115bc10;  1 drivers
v0x1153580_0 .net *"_ivl_14", 0 0, L_0x1158180;  1 drivers
L_0x7fc3f5eb00f0 .functor BUFT 1, C4<011>, C4<0>, C4<0>, C4<0>;
v0x1153640_0 .net/2u *"_ivl_18", 2 0, L_0x7fc3f5eb00f0;  1 drivers
v0x1153720_0 .net *"_ivl_2", 0 0, L_0x1157c10;  1 drivers
v0x11537e0_0 .net *"_ivl_20", 0 0, L_0x1158340;  1 drivers
L_0x7fc3f5eb0138 .functor BUFT 1, C4<100>, C4<0>, C4<0>, C4<0>;
v0x11538a0_0 .net/2u *"_ivl_24", 2 0, L_0x7fc3f5eb0138;  1 drivers
v0x1153980_0 .net *"_ivl_26", 0 0, L_0x1158730;  1 drivers
L_0x7fc3f5eb0180 .functor BUFT 1, C4<101>, C4<0>, C4<0>, C4<0>;
v0x1153a40_0 .net/2u *"_ivl_30", 2 0, L_0x7fc3f5eb0180;  1 drivers
v0x1153b20_0 .net *"_ivl_32", 0 0, L_0x1158a40;  1 drivers
L_0x7fc3f5eb01c8 .functor BUFT 1, C4<110>, C4<0>, C4<0>, C4<0>;
v0x1153be0_0 .net/2u *"_ivl_36", 2 0, L_0x7fc3f5eb01c8;  1 drivers
v0x1153cc0_0 .net *"_ivl_38", 0 0, L_0x1158e00;  1 drivers
L_0x7fc3f5eb0210 .functor BUFT 1, C4<111>, C4<0>, C4<0>, C4<0>;
v0x1153d80_0 .net/2u *"_ivl_42", 2 0, L_0x7fc3f5eb0210;  1 drivers
v0x1153e60_0 .net *"_ivl_44", 0 0, L_0x1159330;  1 drivers
L_0x7fc3f5eb0258 .functor BUFT 1, C4<000>, C4<0>, C4<0>, C4<0>;
v0x1153f20_0 .net/2u *"_ivl_48", 2 0, L_0x7fc3f5eb0258;  1 drivers
v0x1154000_0 .net *"_ivl_50", 0 0, L_0x1159580;  1 drivers
L_0x7fc3f5eb02a0 .functor BUFT 1, C4<001>, C4<0>, C4<0>, C4<0>;
v0x11540c0_0 .net/2u *"_ivl_52", 2 0, L_0x7fc3f5eb02a0;  1 drivers
v0x11541a0_0 .net *"_ivl_54", 0 0, L_0x11596a0;  1 drivers
L_0x7fc3f5eb02e8 .functor BUFT 1, C4<010>, C4<0>, C4<0>, C4<0>;
v0x1154470_0 .net/2u *"_ivl_56", 2 0, L_0x7fc3f5eb02e8;  1 drivers
v0x1154550_0 .net *"_ivl_58", 0 0, L_0x11597f0;  1 drivers
L_0x7fc3f5eb0060 .functor BUFT 1, C4<001>, C4<0>, C4<0>, C4<0>;
v0x1154610_0 .net/2u *"_ivl_6", 2 0, L_0x7fc3f5eb0060;  1 drivers
L_0x7fc3f5eb0330 .functor BUFT 1, C4<011>, C4<0>, C4<0>, C4<0>;
v0x11546f0_0 .net/2u *"_ivl_60", 2 0, L_0x7fc3f5eb0330;  1 drivers
v0x11547d0_0 .net *"_ivl_62", 0 0, L_0x11598c0;  1 drivers
L_0x7fc3f5eb0378 .functor BUFT 1, C4<100>, C4<0>, C4<0>, C4<0>;
v0x1154890_0 .net/2u *"_ivl_64", 2 0, L_0x7fc3f5eb0378;  1 drivers
v0x1154970_0 .net *"_ivl_66", 0 0, L_0x1159a00;  1 drivers
L_0x7fc3f5eb03c0 .functor BUFT 1, C4<101>, C4<0>, C4<0>, C4<0>;
v0x1154a30_0 .net/2u *"_ivl_68", 2 0, L_0x7fc3f5eb03c0;  1 drivers
v0x1154b10_0 .net *"_ivl_70", 0 0, L_0x1159b20;  1 drivers
L_0x7fc3f5eb0408 .functor BUFT 1, C4<110>, C4<0>, C4<0>, C4<0>;
v0x1154bd0_0 .net/2u *"_ivl_72", 2 0, L_0x7fc3f5eb0408;  1 drivers
v0x1154cb0_0 .net *"_ivl_74", 0 0, L_0x1159cc0;  1 drivers
v0x1154d70_0 .net *"_ivl_76", 15 0, L_0x1159de0;  1 drivers
v0x1154e50_0 .net *"_ivl_78", 15 0, L_0x1159f60;  1 drivers
v0x1154f30_0 .net *"_ivl_8", 0 0, L_0x1157f50;  1 drivers
v0x1154ff0_0 .net *"_ivl_80", 15 0, L_0x115a0a0;  1 drivers
v0x11550d0_0 .net *"_ivl_82", 15 0, L_0x115a280;  1 drivers
v0x11551b0_0 .net *"_ivl_84", 15 0, L_0x115a3c0;  1 drivers
v0x1155290_0 .net *"_ivl_86", 15 0, L_0x115a140;  1 drivers
L_0x7fc3f5eb0450 .functor BUFT 1, C4<000>, C4<0>, C4<0>, C4<0>;
v0x1155370_0 .net/2u *"_ivl_90", 2 0, L_0x7fc3f5eb0450;  1 drivers
v0x1155450_0 .net *"_ivl_92", 0 0, L_0x115a8a0;  1 drivers
L_0x7fc3f5eb0498 .functor BUFT 1, C4<001>, C4<0>, C4<0>, C4<0>;
v0x1155510_0 .net/2u *"_ivl_94", 2 0, L_0x7fc3f5eb0498;  1 drivers
v0x11555f0_0 .net *"_ivl_96", 0 0, L_0x115aaf0;  1 drivers
L_0x7fc3f5eb04e0 .functor BUFT 1, C4<010>, C4<0>, C4<0>, C4<0>;
v0x11556b0_0 .net/2u *"_ivl_98", 2 0, L_0x7fc3f5eb04e0;  1 drivers
v0x1155790_0 .net "clk", 0 0, v0x1156d70_0;  1 drivers
v0x1155830_0 .net "gwe", 0 0, v0x11570e0_0;  1 drivers
v0x11558d0_0 .net "i_rd", 2 0, v0x1157340_0;  1 drivers
v0x11559b0_0 .net "i_rd_we", 0 0, v0x1157960_0;  1 drivers
v0x1155a70_0 .net "i_rs", 2 0, v0x1157400_0;  1 drivers
v0x1155b50_0 .net "i_rt", 2 0, v0x1157640_0;  1 drivers
v0x1155c30_0 .net "i_wdata", 15 0, v0x11578a0_0;  1 drivers
v0x1155e00_0 .net "o_rs_data", 15 0, L_0x115a650;  alias, 1 drivers
v0x1155ee0_0 .net "o_rt_data", 15 0, L_0x115bd90;  alias, 1 drivers
v0x11563d0_0 .net "r0v", 15 0, L_0x1117f10;  1 drivers
v0x1156490_0 .net "r1v", 15 0, L_0x10f8d20;  1 drivers
v0x1156560_0 .net "r2v", 15 0, L_0x112ce60;  1 drivers
v0x1156630_0 .net "r3v", 15 0, L_0x112d0d0;  1 drivers
v0x1156700_0 .net "r4v", 15 0, L_0x1158580;  1 drivers
v0x11567d0_0 .net "r5v", 15 0, L_0x11588e0;  1 drivers
v0x11568a0_0 .net "r6v", 15 0, L_0x1158ca0;  1 drivers
v0x1156970_0 .net "r7v", 15 0, L_0x11590c0;  1 drivers
v0x1156a40_0 .net "rst", 0 0, v0x11575a0_0;  1 drivers
L_0x1157c10 .cmp/eq 3, v0x1157340_0, L_0x7fc3f5eb0018;
L_0x1157f50 .cmp/eq 3, v0x1157340_0, L_0x7fc3f5eb0060;
L_0x1158180 .cmp/eq 3, v0x1157340_0, L_0x7fc3f5eb00a8;
L_0x1158340 .cmp/eq 3, v0x1157340_0, L_0x7fc3f5eb00f0;
L_0x1158730 .cmp/eq 3, v0x1157340_0, L_0x7fc3f5eb0138;
L_0x1158a40 .cmp/eq 3, v0x1157340_0, L_0x7fc3f5eb0180;
L_0x1158e00 .cmp/eq 3, v0x1157340_0, L_0x7fc3f5eb01c8;
L_0x1159330 .cmp/eq 3, v0x1157340_0, L_0x7fc3f5eb0210;
L_0x1159580 .cmp/eq 3, v0x1157400_0, L_0x7fc3f5eb0258;
L_0x11596a0 .cmp/eq 3, v0x1157400_0, L_0x7fc3f5eb02a0;
L_0x11597f0 .cmp/eq 3, v0x1157400_0, L_0x7fc3f5eb02e8;
L_0x11598c0 .cmp/eq 3, v0x1157400_0, L_0x7fc3f5eb0330;
L_0x1159a00 .cmp/eq 3, v0x1157400_0, L_0x7fc3f5eb0378;
L_0x1159b20 .cmp/eq 3, v0x1157400_0, L_0x7fc3f5eb03c0;
L_0x1159cc0 .cmp/eq 3, v0x1157400_0, L_0x7fc3f5eb0408;
L_0x1159de0 .functor MUXZ 16, L_0x11590c0, L_0x1158ca0, L_0x1159cc0, C4<>;
L_0x1159f60 .functor MUXZ 16, L_0x1159de0, L_0x11588e0, L_0x1159b20, C4<>;
L_0x115a0a0 .functor MUXZ 16, L_0x1159f60, L_0x1158580, L_0x1159a00, C4<>;
L_0x115a280 .functor MUXZ 16, L_0x115a0a0, L_0x112d0d0, L_0x11598c0, C4<>;
L_0x115a3c0 .functor MUXZ 16, L_0x115a280, L_0x112ce60, L_0x11597f0, C4<>;
L_0x115a140 .functor MUXZ 16, L_0x115a3c0, L_0x10f8d20, L_0x11596a0, C4<>;
L_0x115a650 .functor MUXZ 16, L_0x115a140, L_0x1117f10, L_0x1159580, C4<>;
L_0x115a8a0 .cmp/eq 3, v0x1157640_0, L_0x7fc3f5eb0450;
L_0x115aaf0 .cmp/eq 3, v0x1157640_0, L_0x7fc3f5eb0498;
L_0x115acb0 .cmp/eq 3, v0x1157640_0, L_0x7fc3f5eb04e0;
L_0x115ad50 .cmp/eq 3, v0x1157640_0, L_0x7fc3f5eb0528;
L_0x115af20 .cmp/eq 3, v0x1157640_0, L_0x7fc3f5eb0570;
L_0x115b010 .cmp/eq 3, v0x1157640_0, L_0x7fc3f5eb05b8;
L_0x115b1f0 .cmp/eq 3, v0x1157640_0, L_0x7fc3f5eb0600;
L_0x115b3f0 .functor MUXZ 16, L_0x11590c0, L_0x1158ca0, L_0x115b1f0, C4<>;
L_0x115b5e0 .functor MUXZ 16, L_0x115b3f0, L_0x11588e0, L_0x115b010, C4<>;
L_0x115b680 .functor MUXZ 16, L_0x115b5e0, L_0x1158580, L_0x115af20, C4<>;
L_0x115b880 .functor MUXZ 16, L_0x115b680, L_0x112d0d0, L_0x115ad50, C4<>;
L_0x115b970 .functor MUXZ 16, L_0x115b880, L_0x112ce60, L_0x115acb0, C4<>;
L_0x115bc10 .functor MUXZ 16, L_0x115b970, L_0x10f8d20, L_0x115aaf0, C4<>;
L_0x115bd90 .functor MUXZ 16, L_0x115bc10, L_0x1117f10, L_0x115a8a0, C4<>;
S_0x114d4f0 .scope module, "r0" "Nbit_reg" 4 33, 5 14 0, S_0x114d150;
 .timescale -9 -12;
    .port_info 0 /INPUT 16 "in";
    .port_info 1 /OUTPUT 16 "out";
    .port_info 2 /INPUT 1 "clk";
    .port_info 3 /INPUT 1 "we";
    .port_info 4 /INPUT 1 "gwe";
    .port_info 5 /INPUT 1 "rst";
P_0x1127d90 .param/l "n" 0 5 14, +C4<00000000000000000000000000010000>;
P_0x1127dd0 .param/l "r" 0 5 14, +C4<00000000000000000000000000000000>;
L_0x1117f10/d .functor BUFZ 16, v0x114da10_0, C4<0000000000000000>, C4<0000000000000000>, C4<0000000000000000>;
L_0x1117f10 .delay 16 (1000,1000,1000) L_0x1117f10/d;
v0x1115150_0 .net "clk", 0 0, v0x1156d70_0;  alias, 1 drivers
v0x10fba80_0 .net "gwe", 0 0, v0x11570e0_0;  alias, 1 drivers
v0x112d2d0_0 .net "in", 15 0, v0x11578a0_0;  alias, 1 drivers
v0x112d370_0 .net "out", 15 0, L_0x1117f10;  alias, 1 drivers
v0x114d900_0 .net "rst", 0 0, v0x11575a0_0;  alias, 1 drivers
v0x114da10_0 .var "state", 15 0;
v0x114daf0_0 .net "we", 0 0, L_0x1116790;  1 drivers
E_0x1108470 .event posedge, v0x1115150_0;
S_0x114dc70 .scope module, "r1" "Nbit_reg" 4 34, 5 14 0, S_0x114d150;
 .timescale -9 -12;
    .port_info 0 /INPUT 16 "in";
    .port_info 1 /OUTPUT 16 "out";
    .port_info 2 /INPUT 1 "clk";
    .port_info 3 /INPUT 1 "we";
    .port_info 4 /INPUT 1 "gwe";
    .port_info 5 /INPUT 1 "rst";
P_0x114d720 .param/l "n" 0 5 14, +C4<00000000000000000000000000010000>;
P_0x114d760 .param/l "r" 0 5 14, +C4<00000000000000000000000000000000>;
L_0x10f8d20/d .functor BUFZ 16, v0x114e470_0, C4<0000000000000000>, C4<0000000000000000>, C4<0000000000000000>;
L_0x10f8d20 .delay 16 (1000,1000,1000) L_0x10f8d20/d;
v0x114e040_0 .net "clk", 0 0, v0x1156d70_0;  alias, 1 drivers
v0x114e110_0 .net "gwe", 0 0, v0x11570e0_0;  alias, 1 drivers
v0x114e1e0_0 .net "in", 15 0, v0x11578a0_0;  alias, 1 drivers
v0x114e2e0_0 .net "out", 15 0, L_0x10f8d20;  alias, 1 drivers
v0x114e380_0 .net "rst", 0 0, v0x11575a0_0;  alias, 1 drivers
v0x114e470_0 .var "state", 15 0;
v0x114e510_0 .net "we", 0 0, L_0x10fb960;  1 drivers
S_0x114e690 .scope module, "r2" "Nbit_reg" 4 35, 5 14 0, S_0x114d150;
 .timescale -9 -12;
    .port_info 0 /INPUT 16 "in";
    .port_info 1 /OUTPUT 16 "out";
    .port_info 2 /INPUT 1 "clk";
    .port_info 3 /INPUT 1 "we";
    .port_info 4 /INPUT 1 "gwe";
    .port_info 5 /INPUT 1 "rst";
P_0x114dec0 .param/l "n" 0 5 14, +C4<00000000000000000000000000010000>;
P_0x114df00 .param/l "r" 0 5 14, +C4<00000000000000000000000000000000>;
L_0x112ce60/d .functor BUFZ 16, v0x114efc0_0, C4<0000000000000000>, C4<0000000000000000>, C4<0000000000000000>;
L_0x112ce60 .delay 16 (1000,1000,1000) L_0x112ce60/d;
v0x114ead0_0 .net "clk", 0 0, v0x1156d70_0;  alias, 1 drivers
v0x114ebc0_0 .net "gwe", 0 0, v0x11570e0_0;  alias, 1 drivers
v0x114ecd0_0 .net "in", 15 0, v0x11578a0_0;  alias, 1 drivers
v0x114edc0_0 .net "out", 15 0, L_0x112ce60;  alias, 1 drivers
v0x114ee80_0 .net "rst", 0 0, v0x11575a0_0;  alias, 1 drivers
v0x114efc0_0 .var "state", 15 0;
v0x114f0a0_0 .net "we", 0 0, L_0x112d060;  1 drivers
S_0x114f220 .scope module, "r3" "Nbit_reg" 4 36, 5 14 0, S_0x114d150;
 .timescale -9 -12;
    .port_info 0 /INPUT 16 "in";
    .port_info 1 /OUTPUT 16 "out";
    .port_info 2 /INPUT 1 "clk";
    .port_info 3 /INPUT 1 "we";
    .port_info 4 /INPUT 1 "gwe";
    .port_info 5 /INPUT 1 "rst";
P_0x114e8f0 .param/l "n" 0 5 14, +C4<00000000000000000000000000010000>;
P_0x114e930 .param/l "r" 0 5 14, +C4<00000000000000000000000000000000>;
L_0x112d0d0/d .functor BUFZ 16, v0x114f9a0_0, C4<0000000000000000>, C4<0000000000000000>, C4<0000000000000000>;
L_0x112d0d0 .delay 16 (1000,1000,1000) L_0x112d0d0/d;
v0x114f5d0_0 .net "clk", 0 0, v0x1156d70_0;  alias, 1 drivers
v0x114f690_0 .net "gwe", 0 0, v0x11570e0_0;  alias, 1 drivers
v0x114f750_0 .net "in", 15 0, v0x11578a0_0;  alias, 1 drivers
v0x114f7f0_0 .net "out", 15 0, L_0x112d0d0;  alias, 1 drivers
v0x114f8b0_0 .net "rst", 0 0, v0x11575a0_0;  alias, 1 drivers
v0x114f9a0_0 .var "state", 15 0;
v0x114fa80_0 .net "we", 0 0, L_0x1158490;  1 drivers
S_0x114fc00 .scope module, "r4" "Nbit_reg" 4 37, 5 14 0, S_0x114d150;
 .timescale -9 -12;
    .port_info 0 /INPUT 16 "in";
    .port_info 1 /OUTPUT 16 "out";
    .port_info 2 /INPUT 1 "clk";
    .port_info 3 /INPUT 1 "we";
    .port_info 4 /INPUT 1 "gwe";
    .port_info 5 /INPUT 1 "rst";
P_0x114f450 .param/l "n" 0 5 14, +C4<00000000000000000000000000010000>;
P_0x114f490 .param/l "r" 0 5 14, +C4<00000000000000000000000000000000>;
L_0x1158580/d .functor BUFZ 16, v0x1150530_0, C4<0000000000000000>, C4<0000000000000000>, C4<0000000000000000>;
L_0x1158580 .delay 16 (1000,1000,1000) L_0x1158580/d;
v0x1150000_0 .net "clk", 0 0, v0x1156d70_0;  alias, 1 drivers
v0x11500c0_0 .net "gwe", 0 0, v0x11570e0_0;  alias, 1 drivers
v0x1150210_0 .net "in", 15 0, v0x11578a0_0;  alias, 1 drivers
v0x1150340_0 .net "out", 15 0, L_0x1158580;  alias, 1 drivers
v0x1150400_0 .net "rst", 0 0, v0x11575a0_0;  alias, 1 drivers
v0x1150530_0 .var "state", 15 0;
v0x1150610_0 .net "we", 0 0, L_0x1158820;  1 drivers
S_0x11507d0 .scope module, "r5" "Nbit_reg" 4 38, 5 14 0, S_0x114d150;
 .timescale -9 -12;
    .port_info 0 /INPUT 16 "in";
    .port_info 1 /OUTPUT 16 "out";
    .port_info 2 /INPUT 1 "clk";
    .port_info 3 /INPUT 1 "we";
    .port_info 4 /INPUT 1 "gwe";
    .port_info 5 /INPUT 1 "rst";
P_0x1150960 .param/l "n" 0 5 14, +C4<00000000000000000000000000010000>;
P_0x11509a0 .param/l "r" 0 5 14, +C4<00000000000000000000000000000000>;
L_0x11588e0/d .functor BUFZ 16, v0x1150fa0_0, C4<0000000000000000>, C4<0000000000000000>, C4<0000000000000000>;
L_0x11588e0 .delay 16 (1000,1000,1000) L_0x11588e0/d;
v0x1150bf0_0 .net "clk", 0 0, v0x1156d70_0;  alias, 1 drivers
v0x1150cb0_0 .net "gwe", 0 0, v0x11570e0_0;  alias, 1 drivers
v0x1150d70_0 .net "in", 15 0, v0x11578a0_0;  alias, 1 drivers
v0x1150e40_0 .net "out", 15 0, L_0x11588e0;  alias, 1 drivers
v0x1150f00_0 .net "rst", 0 0, v0x11575a0_0;  alias, 1 drivers
v0x1150fa0_0 .var "state", 15 0;
v0x1151080_0 .net "we", 0 0, L_0x1158ba0;  1 drivers
S_0x1151240 .scope module, "r6" "Nbit_reg" 4 39, 5 14 0, S_0x114d150;
 .timescale -9 -12;
    .port_info 0 /INPUT 16 "in";
    .port_info 1 /OUTPUT 16 "out";
    .port_info 2 /INPUT 1 "clk";
    .port_info 3 /INPUT 1 "we";
    .port_info 4 /INPUT 1 "gwe";
    .port_info 5 /INPUT 1 "rst";
P_0x1150a40 .param/l "n" 0 5 14, +C4<00000000000000000000000000010000>;
P_0x1150a80 .param/l "r" 0 5 14, +C4<00000000000000000000000000000000>;
L_0x1158ca0/d .functor BUFZ 16, v0x11519d0_0, C4<0000000000000000>, C4<0000000000000000>, C4<0000000000000000>;
L_0x1158ca0 .delay 16 (1000,1000,1000) L_0x1158ca0/d;
v0x11515d0_0 .net "clk", 0 0, v0x1156d70_0;  alias, 1 drivers
v0x1151690_0 .net "gwe", 0 0, v0x11570e0_0;  alias, 1 drivers
v0x1151750_0 .net "in", 15 0, v0x11578a0_0;  alias, 1 drivers
v0x1151820_0 .net "out", 15 0, L_0x1158ca0;  alias, 1 drivers
v0x11518e0_0 .net "rst", 0 0, v0x11575a0_0;  alias, 1 drivers
v0x11519d0_0 .var "state", 15 0;
v0x1151ab0_0 .net "we", 0 0, L_0x1158ef0;  1 drivers
S_0x1151c70 .scope module, "r7" "Nbit_reg" 4 40, 5 14 0, S_0x114d150;
 .timescale -9 -12;
    .port_info 0 /INPUT 16 "in";
    .port_info 1 /OUTPUT 16 "out";
    .port_info 2 /INPUT 1 "clk";
    .port_info 3 /INPUT 1 "we";
    .port_info 4 /INPUT 1 "gwe";
    .port_info 5 /INPUT 1 "rst";
P_0x1151420 .param/l "n" 0 5 14, +C4<00000000000000000000000000010000>;
P_0x1151460 .param/l "r" 0 5 14, +C4<00000000000000000000000000000000>;
L_0x11590c0/d .functor BUFZ 16, v0x1152450_0, C4<0000000000000000>, C4<0000000000000000>, C4<0000000000000000>;
L_0x11590c0 .delay 16 (1000,1000,1000) L_0x11590c0/d;
v0x1152050_0 .net "clk", 0 0, v0x1156d70_0;  alias, 1 drivers
v0x1152110_0 .net "gwe", 0 0, v0x11570e0_0;  alias, 1 drivers
v0x11521d0_0 .net "in", 15 0, v0x11578a0_0;  alias, 1 drivers
v0x11522a0_0 .net "out", 15 0, L_0x11590c0;  alias, 1 drivers
v0x1152360_0 .net "rst", 0 0, v0x11575a0_0;  alias, 1 drivers
v0x1152450_0 .var "state", 15 0;
v0x1152530_0 .net "we", 0 0, L_0x1159470;  1 drivers
    .scope S_0x114d4f0;
T_1 ;
    %wait E_0x1108470;
    %load/vec4 v0x10fba80_0;
    %load/vec4 v0x114d900_0;
    %and;
    %flag_set/vec4 8;
    %jmp/0xz  T_1.0, 8;
    %pushi/vec4 0, 0, 16;
    %store/vec4 v0x114da10_0, 0, 16;
    %jmp T_1.1;
T_1.0 ;
    %load/vec4 v0x10fba80_0;
    %load/vec4 v0x114daf0_0;
    %and;
    %flag_set/vec4 8;
    %jmp/0xz  T_1.2, 8;
    %load/vec4 v0x112d2d0_0;
    %store/vec4 v0x114da10_0, 0, 16;
T_1.2 ;
T_1.1 ;
    %jmp T_1;
    .thread T_1;
    .scope S_0x114dc70;
T_2 ;
    %wait E_0x1108470;
    %load/vec4 v0x114e110_0;
    %load/vec4 v0x114e380_0;
    %and;
    %flag_set/vec4 8;
    %jmp/0xz  T_2.0, 8;
    %pushi/vec4 0, 0, 16;
    %store/vec4 v0x114e470_0, 0, 16;
    %jmp T_2.1;
T_2.0 ;
    %load/vec4 v0x114e110_0;
    %load/vec4 v0x114e510_0;
    %and;
    %flag_set/vec4 8;
    %jmp/0xz  T_2.2, 8;
    %load/vec4 v0x114e1e0_0;
    %store/vec4 v0x114e470_0, 0, 16;
T_2.2 ;
T_2.1 ;
    %jmp T_2;
    .thread T_2;
    .scope S_0x114e690;
T_3 ;
    %wait E_0x1108470;
    %load/vec4 v0x114ebc0_0;
    %load/vec4 v0x114ee80_0;
    %and;
    %flag_set/vec4 8;
    %jmp/0xz  T_3.0, 8;
    %pushi/vec4 0, 0, 16;
    %store/vec4 v0x114efc0_0, 0, 16;
    %jmp T_3.1;
T_3.0 ;
    %load/vec4 v0x114ebc0_0;
    %load/vec4 v0x114f0a0_0;
    %and;
    %flag_set/vec4 8;
    %jmp/0xz  T_3.2, 8;
    %load/vec4 v0x114ecd0_0;
    %store/vec4 v0x114efc0_0, 0, 16;
T_3.2 ;
T_3.1 ;
    %jmp T_3;
    .thread T_3;
    .scope S_0x114f220;
T_4 ;
    %wait E_0x1108470;
    %load/vec4 v0x114f690_0;
    %load/vec4 v0x114f8b0_0;
    %and;
    %flag_set/vec4 8;
    %jmp/0xz  T_4.0, 8;
    %pushi/vec4 0, 0, 16;
    %store/vec4 v0x114f9a0_0, 0, 16;
    %jmp T_4.1;
T_4.0 ;
    %load/vec4 v0x114f690_0;
    %load/vec4 v0x114fa80_0;
    %and;
    %flag_set/vec4 8;
    %jmp/0xz  T_4.2, 8;
    %load/vec4 v0x114f750_0;
    %store/vec4 v0x114f9a0_0, 0, 16;
T_4.2 ;
T_4.1 ;
    %jmp T_4;
    .thread T_4;
    .scope S_0x114fc00;
T_5 ;
    %wait E_0x1108470;
    %load/vec4 v0x11500c0_0;
    %load/vec4 v0x1150400_0;
    %and;
    %flag_set/vec4 8;
    %jmp/0xz  T_5.0, 8;
    %pushi/vec4 0, 0, 16;
    %store/vec4 v0x1150530_0, 0, 16;
    %jmp T_5.1;
T_5.0 ;
    %load/vec4 v0x11500c0_0;
    %load/vec4 v0x1150610_0;
    %and;
    %flag_set/vec4 8;
    %jmp/0xz  T_5.2, 8;
    %load/vec4 v0x1150210_0;
    %store/vec4 v0x1150530_0, 0, 16;
T_5.2 ;
T_5.1 ;
    %jmp T_5;
    .thread T_5;
    .scope S_0x11507d0;
T_6 ;
    %wait E_0x1108470;
    %load/vec4 v0x1150cb0_0;
    %load/vec4 v0x1150f00_0;
    %and;
    %flag_set/vec4 8;
    %jmp/0xz  T_6.0, 8;
    %pushi/vec4 0, 0, 16;
    %store/vec4 v0x1150fa0_0, 0, 16;
    %jmp T_6.1;
T_6.0 ;
    %load/vec4 v0x1150cb0_0;
    %load/vec4 v0x1151080_0;
    %and;
    %flag_set/vec4 8;
    %jmp/0xz  T_6.2, 8;
    %load/vec4 v0x1150d70_0;
    %store/vec4 v0x1150fa0_0, 0, 16;
T_6.2 ;
T_6.1 ;
    %jmp T_6;
    .thread T_6;
    .scope S_0x1151240;
T_7 ;
    %wait E_0x1108470;
    %load/vec4 v0x1151690_0;
    %load/vec4 v0x11518e0_0;
    %and;
    %flag_set/vec4 8;
    %jmp/0xz  T_7.0, 8;
    %pushi/vec4 0, 0, 16;
    %store/vec4 v0x11519d0_0, 0, 16;
    %jmp T_7.1;
T_7.0 ;
    %load/vec4 v0x1151690_0;
    %load/vec4 v0x1151ab0_0;
    %and;
    %flag_set/vec4 8;
    %jmp/0xz  T_7.2, 8;
    %load/vec4 v0x1151750_0;
    %store/vec4 v0x11519d0_0, 0, 16;
T_7.2 ;
T_7.1 ;
    %jmp T_7;
    .thread T_7;
    .scope S_0x1151c70;
T_8 ;
    %wait E_0x1108470;
    %load/vec4 v0x1152110_0;
    %load/vec4 v0x1152360_0;
    %and;
    %flag_set/vec4 8;
    %jmp/0xz  T_8.0, 8;
    %pushi/vec4 0, 0, 16;
    %store/vec4 v0x1152450_0, 0, 16;
    %jmp T_8.1;
T_8.0 ;
    %load/vec4 v0x1152110_0;
    %load/vec4 v0x1152530_0;
    %and;
    %flag_set/vec4 8;
    %jmp/0xz  T_8.2, 8;
    %load/vec4 v0x11521d0_0;
    %store/vec4 v0x1152450_0, 0, 16;
T_8.2 ;
T_8.1 ;
    %jmp T_8;
    .thread T_8;
    .scope S_0x111cf70;
T_9 ;
    %delay 5000, 0;
    %load/vec4 v0x1156d70_0;
    %inv;
    %assign/vec4 v0x1156d70_0, 0;
    %jmp T_9;
    .thread T_9;
    .scope S_0x111cf70;
T_10 ;
    %pushi/vec4 0, 0, 3;
    %store/vec4 v0x1157400_0, 0, 3;
    %pushi/vec4 0, 0, 3;
    %store/vec4 v0x1157640_0, 0, 3;
    %pushi/vec4 0, 0, 3;
    %store/vec4 v0x1157340_0, 0, 3;
    %pushi/vec4 0, 0, 1;
    %store/vec4 v0x1157960_0, 0, 1;
    %pushi/vec4 1, 0, 1;
    %store/vec4 v0x11575a0_0, 0, 1;
    %pushi/vec4 0, 0, 16;
    %store/vec4 v0x11578a0_0, 0, 16;
    %pushi/vec4 0, 0, 1;
    %store/vec4 v0x1156d70_0, 0, 1;
    %pushi/vec4 1, 0, 1;
    %store/vec4 v0x11570e0_0, 0, 1;
    %pushi/vec4 0, 0, 32;
    %store/vec4 v0x1156e30_0, 0, 32;
    %pushi/vec4 0, 0, 32;
    %store/vec4 v0x11577e0_0, 0, 32;
    %pushi/vec4 0, 0, 32;
    %store/vec4 v0x1157260_0, 0, 32;
    %vpi_func 2 75 "$fopen" 32, "test_lc4_regfile.input", "r" {0 0 0};
    %store/vec4 v0x1157180_0, 0, 32;
    %load/vec4 v0x1157180_0;
    %cmpi/e 0, 0, 32;
    %jmp/0xz  T_10.0, 4;
    %vpi_call 2 77 "$display", "Error opening file: ", "test_lc4_regfile.input" {0 0 0};
    %vpi_call 2 78 "$finish" {0 0 0};
T_10.0 ;
    %vpi_func 2 83 "$fopen" 32, "regfile_test.output.txt", "w" {0 0 0};
    %store/vec4 v0x1157260_0, 0, 32;
    %load/vec4 v0x1157260_0;
    %cmpi/e 0, 0, 32;
    %jmp/0xz  T_10.2, 4;
    %vpi_call 2 85 "$display", "Error opening file: ", "regfile_test.output.txt" {0 0 0};
    %vpi_call 2 86 "$finish" {0 0 0};
T_10.2 ;
    %delay 100000, 0;
    %delay 5000, 0;
    %pushi/vec4 0, 0, 1;
    %store/vec4 v0x11575a0_0, 0, 1;
    %delay 2000, 0;
T_10.4 ;
    %vpi_func 2 97 "$fscanf" 32, v0x1157180_0, "%d %d %d %b %h %h %h", v0x1157400_0, v0x1157640_0, v0x1157340_0, v0x1157960_0, v0x11578a0_0, v0x1156f10_0, v0x1157000_0 {0 0 0};
    %cmpi/e 7, 0, 32;
    %jmp/0xz T_10.5, 4;
    %delay 8000, 0;
    %load/vec4 v0x11577e0_0;
    %addi 2, 0, 32;
    %store/vec4 v0x11577e0_0, 0, 32;
    %load/vec4 v0x1157260_0;
    %cmpi/ne 0, 0, 32;
    %jmp/0xz  T_10.6, 4;
    %vpi_call 2 106 "$fdisplay", v0x1157260_0, "%d %d %d %b %h %h %h", v0x1157400_0, v0x1157640_0, v0x1157340_0, v0x1157960_0, v0x11578a0_0, v0x11574d0_0, v0x1157710_0 {0 0 0};
T_10.6 ;
    %load/vec4 v0x11574d0_0;
    %load/vec4 v0x1156f10_0;
    %cmp/ne;
    %jmp/0xz  T_10.8, 6;
    %vpi_call 2 110 "$display", "Error at test %d: Value of register %d on output 1 should have been %h, but was %h instead", v0x11577e0_0, v0x1157400_0, v0x1156f10_0, v0x11574d0_0 {0 0 0};
    %load/vec4 v0x1156e30_0;
    %addi 1, 0, 32;
    %store/vec4 v0x1156e30_0, 0, 32;
T_10.8 ;
    %load/vec4 v0x1157710_0;
    %load/vec4 v0x1157000_0;
    %cmp/ne;
    %jmp/0xz  T_10.10, 6;
    %vpi_call 2 115 "$display", "Error at test %d: Value of register %d on output 2 should have been %h, but was %h instead", v0x11577e0_0, v0x1157640_0, v0x1157000_0, v0x1157710_0 {0 0 0};
    %load/vec4 v0x1156e30_0;
    %addi 1, 0, 32;
    %store/vec4 v0x1156e30_0, 0, 32;
T_10.10 ;
    %delay 2000, 0;
    %jmp T_10.4;
T_10.5 ;
    %load/vec4 v0x1157180_0;
    %cmpi/ne 0, 0, 32;
    %jmp/0xz  T_10.12, 4;
    %vpi_call 2 123 "$fclose", v0x1157180_0 {0 0 0};
T_10.12 ;
    %load/vec4 v0x1157260_0;
    %cmpi/ne 0, 0, 32;
    %jmp/0xz  T_10.14, 4;
    %vpi_call 2 124 "$fclose", v0x1157260_0 {0 0 0};
T_10.14 ;
    %vpi_call 2 125 "$display", "Simulation finished: %d test cases %d errors [%s]", v0x11577e0_0, v0x1156e30_0, "test_lc4_regfile.input" {0 0 0};
    %load/vec4 v0x11577e0_0;
    %store/vec4 v0x1118030_0, 0, 32;
    %load/vec4 v0x11577e0_0;
    %load/vec4 v0x1156e30_0;
    %sub;
    %store/vec4 v0x11197b0_0, 0, 32;
    %fork TD_test_regfile.printPoints, S_0x111b7f0;
    %join;
    %vpi_call 2 127 "$finish" {0 0 0};
    %end;
    .thread T_10;
# The file index is used to find the file name in the following table.
:file_names 6;
    "N/A";
    "<interactive>";
    "testbench_lc4_regfile.v";
    "./print_points.v";
    "lc4_regfile.v";
    "register.v";
