#! /home1/c/cis5710/tools/bin/vvp
:ivl_version "11.0 (stable)" "(v11_0)";
:ivl_delay_selection "TYPICAL";
:vpi_time_precision - 12;
:vpi_module "/home1/c/cis5710/tools/lib/ivl/system.vpi";
:vpi_module "/home1/c/cis5710/tools/lib/ivl/vhdl_sys.vpi";
:vpi_module "/home1/c/cis5710/tools/lib/ivl/vhdl_textio.vpi";
:vpi_module "/home1/c/cis5710/tools/lib/ivl/v2005_math.vpi";
:vpi_module "/home1/c/cis5710/tools/lib/ivl/va_math.vpi";
S_0xe107e0 .scope module, "test_adders" "test_adders" 2 14;
 .timescale -9 -12;
L_0x7f5e3b720060 .functor BUFT 1, C4<0>, C4<0>, C4<0>, C4<0>;
v0xe46030_0 .net *"_ivl_10", 0 0, L_0x7f5e3b720060;  1 drivers
v0xe46110_0 .net *"_ivl_11", 1 0, L_0xe48c70;  1 drivers
v0xe461f0_0 .net *"_ivl_13", 1 0, L_0xe48e20;  1 drivers
L_0x7f5e3b7200a8 .functor BUFT 1, C4<0>, C4<0>, C4<0>, C4<0>;
v0xe462e0_0 .net *"_ivl_16", 0 0, L_0x7f5e3b7200a8;  1 drivers
v0xe463c0_0 .net *"_ivl_17", 1 0, L_0xe48f50;  1 drivers
v0xe464f0_0 .net *"_ivl_22", 2 0, L_0xe49ee0;  1 drivers
L_0x7f5e3b7200f0 .functor BUFT 1, C4<0>, C4<0>, C4<0>, C4<0>;
v0xe465d0_0 .net *"_ivl_25", 0 0, L_0x7f5e3b7200f0;  1 drivers
v0xe466b0_0 .net *"_ivl_26", 2 0, L_0xe4a070;  1 drivers
L_0x7f5e3b720138 .functor BUFT 1, C4<0>, C4<0>, C4<0>, C4<0>;
v0xe46790_0 .net *"_ivl_29", 0 0, L_0x7f5e3b720138;  1 drivers
v0xe46900_0 .net *"_ivl_3", 1 0, L_0xe48a60;  1 drivers
v0xe469e0_0 .net *"_ivl_30", 2 0, L_0xe4a1a0;  1 drivers
v0xe46ac0_0 .net *"_ivl_32", 2 0, L_0xe4a3c0;  1 drivers
L_0x7f5e3b720180 .functor BUFT 1, C4<00>, C4<0>, C4<0>, C4<0>;
v0xe46ba0_0 .net *"_ivl_35", 1 0, L_0x7f5e3b720180;  1 drivers
v0xe46c80_0 .net *"_ivl_36", 2 0, L_0xe4a4b0;  1 drivers
v0xe46d60_0 .net *"_ivl_42", 3 0, L_0xe4ca20;  1 drivers
L_0x7f5e3b720018 .functor BUFT 1, C4<0>, C4<0>, C4<0>, C4<0>;
v0xe46e40_0 .net *"_ivl_6", 0 0, L_0x7f5e3b720018;  1 drivers
v0xe46f20_0 .net *"_ivl_7", 1 0, L_0xe48b50;  1 drivers
v0xe47000_0 .var "a", 0 0;
v0xe470a0_0 .var "a2", 1 0;
v0xe47160_0 .var "a4", 3 0;
v0xe47220_0 .net "actual_fa2_cout", 0 0, L_0xe499a0;  1 drivers
v0xe472c0_0 .net "actual_fa2_sum", 1 0, L_0xe49cb0;  1 drivers
v0xe47380_0 .net "actual_fa_cout", 0 0, L_0xe487d0;  1 drivers
v0xe47450_0 .net "actual_fa_sum", 0 0, L_0xe48600;  1 drivers
v0xe47540_0 .net "actual_ha_cout", 0 0, L_0xe48430;  1 drivers
v0xe475e0_0 .net "actual_ha_sum", 0 0, L_0xe482a0;  1 drivers
v0xe476b0_0 .net "actual_rca4_sum", 7 0, L_0xe4c6c0;  1 drivers
v0xe47780_0 .var "b", 0 0;
v0xe47820_0 .var "b2", 1 0;
v0xe478f0_0 .var "b4", 3 0;
v0xe47990_0 .var "cin", 0 0;
v0xe47a30_0 .var/i "errors", 31 0;
v0xe47ad0_0 .net "exp_fa2_cout", 0 0, L_0xe49d50;  1 drivers
v0xe47da0_0 .net "exp_fa2_sum", 1 0, L_0xe49e40;  1 drivers
v0xe47e80_0 .net "exp_fa_cout", 0 0, L_0xe488d0;  1 drivers
v0xe47f40_0 .net "exp_fa_sum", 0 0, L_0xe48970;  1 drivers
v0xe48000_0 .net "exp_rca4_sum", 3 0, L_0xe4c8f0;  1 drivers
v0xe480e0_0 .var/i "i", 31 0;
v0xe481c0_0 .var/i "tests", 31 0;
L_0xe488d0 .part L_0xe48f50, 1, 1;
L_0xe48970 .part L_0xe48f50, 0, 1;
L_0xe48a60 .concat [ 1 1 0 0], v0xe47000_0, L_0x7f5e3b720018;
L_0xe48b50 .concat [ 1 1 0 0], v0xe47780_0, L_0x7f5e3b720060;
L_0xe48c70 .arith/sum 2, L_0xe48a60, L_0xe48b50;
L_0xe48e20 .concat [ 1 1 0 0], v0xe47990_0, L_0x7f5e3b7200a8;
L_0xe48f50 .arith/sum 2, L_0xe48c70, L_0xe48e20;
L_0xe49d50 .part L_0xe4a4b0, 2, 1;
L_0xe49e40 .part L_0xe4a4b0, 0, 2;
L_0xe49ee0 .concat [ 2 1 0 0], v0xe470a0_0, L_0x7f5e3b7200f0;
L_0xe4a070 .concat [ 2 1 0 0], v0xe47820_0, L_0x7f5e3b720138;
L_0xe4a1a0 .arith/sum 3, L_0xe49ee0, L_0xe4a070;
L_0xe4a3c0 .concat [ 1 2 0 0], v0xe47990_0, L_0x7f5e3b720180;
L_0xe4a4b0 .arith/sum 3, L_0xe4a1a0, L_0xe4a3c0;
L_0xe4c850 .concat [ 4 4 0 0], v0xe47160_0, v0xe478f0_0;
L_0xe4c8f0 .part L_0xe4ca20, 0, 4;
L_0xe4ca20 .arith/sum 4, v0xe47160_0, v0xe478f0_0;
S_0xe0b590 .scope module, "fa" "fulladder" 2 31, 3 20 0, S_0xe107e0;
 .timescale -9 -12;
    .port_info 0 /INPUT 1 "cin";
    .port_info 1 /INPUT 1 "a";
    .port_info 2 /INPUT 1 "b";
    .port_info 3 /OUTPUT 1 "s";
    .port_info 4 /OUTPUT 1 "cout";
L_0xe487d0 .functor OR 1, L_0xe48570, L_0xe48740, C4<0>, C4<0>;
v0xe3b290_0 .net "a", 0 0, v0xe47000_0;  1 drivers
v0xe3b350_0 .net "b", 0 0, v0xe47780_0;  1 drivers
v0xe3b420_0 .net "cin", 0 0, v0xe47990_0;  1 drivers
v0xe3b520_0 .net "cout", 0 0, L_0xe487d0;  alias, 1 drivers
v0xe3b5c0_0 .net "cout_tmp1", 0 0, L_0xe48570;  1 drivers
v0xe3b6b0_0 .net "cout_tmp2", 0 0, L_0xe48740;  1 drivers
v0xe3b780_0 .net "s", 0 0, L_0xe48600;  alias, 1 drivers
v0xe3b850_0 .net "s_tmp", 0 0, L_0xe484c0;  1 drivers
S_0xe111c0 .scope module, "h0" "halfadder" 3 27, 3 10 0, S_0xe0b590;
 .timescale -9 -12;
    .port_info 0 /INPUT 1 "a";
    .port_info 1 /INPUT 1 "b";
    .port_info 2 /OUTPUT 1 "s";
    .port_info 3 /OUTPUT 1 "cout";
L_0xe484c0 .functor XOR 1, v0xe47000_0, v0xe47780_0, C4<0>, C4<0>;
L_0xe48570 .functor AND 1, v0xe47000_0, v0xe47780_0, C4<1>, C4<1>;
v0xe0c5b0_0 .net "a", 0 0, v0xe47000_0;  alias, 1 drivers
v0xe3aa70_0 .net "b", 0 0, v0xe47780_0;  alias, 1 drivers
v0xe3ab30_0 .net "cout", 0 0, L_0xe48570;  alias, 1 drivers
v0xe3abd0_0 .net "s", 0 0, L_0xe484c0;  alias, 1 drivers
S_0xe3ad10 .scope module, "h1" "halfadder" 3 28, 3 10 0, S_0xe0b590;
 .timescale -9 -12;
    .port_info 0 /INPUT 1 "a";
    .port_info 1 /INPUT 1 "b";
    .port_info 2 /OUTPUT 1 "s";
    .port_info 3 /OUTPUT 1 "cout";
L_0xe48600 .functor XOR 1, L_0xe484c0, v0xe47990_0, C4<0>, C4<0>;
L_0xe48740 .functor AND 1, L_0xe484c0, v0xe47990_0, C4<1>, C4<1>;
v0xe3af10_0 .net "a", 0 0, L_0xe484c0;  alias, 1 drivers
v0xe3afb0_0 .net "b", 0 0, v0xe47990_0;  alias, 1 drivers
v0xe3b050_0 .net "cout", 0 0, L_0xe48740;  alias, 1 drivers
v0xe3b120_0 .net "s", 0 0, L_0xe48600;  alias, 1 drivers
S_0xe3b940 .scope module, "fa2" "fulladder2" 2 39, 3 33 0, S_0xe107e0;
 .timescale -9 -12;
    .port_info 0 /INPUT 1 "cin";
    .port_info 1 /INPUT 2 "a";
    .port_info 2 /INPUT 2 "b";
    .port_info 3 /OUTPUT 2 "s";
    .port_info 4 /OUTPUT 1 "cout";
v0xe3e4a0_0 .net "a", 1 0, v0xe470a0_0;  1 drivers
v0xe3e5a0_0 .net "b", 1 0, v0xe47820_0;  1 drivers
v0xe3e680_0 .net "cin", 0 0, v0xe47990_0;  alias, 1 drivers
v0xe3e720_0 .net "cout", 0 0, L_0xe499a0;  alias, 1 drivers
v0xe3e7f0_0 .net "cout_tmp", 0 0, L_0xe49320;  1 drivers
v0xe3e890_0 .net "s", 1 0, L_0xe49cb0;  alias, 1 drivers
L_0xe493b0 .part v0xe470a0_0, 0, 1;
L_0xe49470 .part v0xe47820_0, 0, 1;
L_0xe49a50 .part v0xe470a0_0, 1, 1;
L_0xe49b80 .part v0xe47820_0, 1, 1;
L_0xe49cb0 .concat8 [ 1 1 0 0], L_0xe491f0, L_0xe49780;
S_0xe3bb20 .scope module, "a0" "fulladder" 3 40, 3 20 0, S_0xe3b940;
 .timescale -9 -12;
    .port_info 0 /INPUT 1 "cin";
    .port_info 1 /INPUT 1 "a";
    .port_info 2 /INPUT 1 "b";
    .port_info 3 /OUTPUT 1 "s";
    .port_info 4 /OUTPUT 1 "cout";
L_0xe49320 .functor OR 1, L_0xe49130, L_0xe492b0, C4<0>, C4<0>;
v0xe3c970_0 .net "a", 0 0, L_0xe493b0;  1 drivers
v0xe3ca30_0 .net "b", 0 0, L_0xe49470;  1 drivers
v0xe3cb00_0 .net "cin", 0 0, v0xe47990_0;  alias, 1 drivers
v0xe3cbd0_0 .net "cout", 0 0, L_0xe49320;  alias, 1 drivers
v0xe3cc70_0 .net "cout_tmp1", 0 0, L_0xe49130;  1 drivers
v0xe3cd60_0 .net "cout_tmp2", 0 0, L_0xe492b0;  1 drivers
v0xe3ce30_0 .net "s", 0 0, L_0xe491f0;  1 drivers
v0xe3cf00_0 .net "s_tmp", 0 0, L_0xe48d10;  1 drivers
S_0xe3bdb0 .scope module, "h0" "halfadder" 3 27, 3 10 0, S_0xe3bb20;
 .timescale -9 -12;
    .port_info 0 /INPUT 1 "a";
    .port_info 1 /INPUT 1 "b";
    .port_info 2 /OUTPUT 1 "s";
    .port_info 3 /OUTPUT 1 "cout";
L_0xe48d10 .functor XOR 1, L_0xe493b0, L_0xe49470, C4<0>, C4<0>;
L_0xe49130 .functor AND 1, L_0xe493b0, L_0xe49470, C4<1>, C4<1>;
v0xe3bfe0_0 .net "a", 0 0, L_0xe493b0;  alias, 1 drivers
v0xe3c0c0_0 .net "b", 0 0, L_0xe49470;  alias, 1 drivers
v0xe3c180_0 .net "cout", 0 0, L_0xe49130;  alias, 1 drivers
v0xe3c250_0 .net "s", 0 0, L_0xe48d10;  alias, 1 drivers
S_0xe3c3c0 .scope module, "h1" "halfadder" 3 28, 3 10 0, S_0xe3bb20;
 .timescale -9 -12;
    .port_info 0 /INPUT 1 "a";
    .port_info 1 /INPUT 1 "b";
    .port_info 2 /OUTPUT 1 "s";
    .port_info 3 /OUTPUT 1 "cout";
L_0xe491f0 .functor XOR 1, L_0xe48d10, v0xe47990_0, C4<0>, C4<0>;
L_0xe492b0 .functor AND 1, L_0xe48d10, v0xe47990_0, C4<1>, C4<1>;
v0xe3c5c0_0 .net "a", 0 0, L_0xe48d10;  alias, 1 drivers
v0xe3c690_0 .net "b", 0 0, v0xe47990_0;  alias, 1 drivers
v0xe3c780_0 .net "cout", 0 0, L_0xe492b0;  alias, 1 drivers
v0xe3c820_0 .net "s", 0 0, L_0xe491f0;  alias, 1 drivers
S_0xe3cff0 .scope module, "a1" "fulladder" 3 41, 3 20 0, S_0xe3b940;
 .timescale -9 -12;
    .port_info 0 /INPUT 1 "cin";
    .port_info 1 /INPUT 1 "a";
    .port_info 2 /INPUT 1 "b";
    .port_info 3 /OUTPUT 1 "s";
    .port_info 4 /OUTPUT 1 "cout";
L_0xe499a0 .functor OR 1, L_0xe496a0, L_0xe49910, C4<0>, C4<0>;
v0xe3de00_0 .net "a", 0 0, L_0xe49a50;  1 drivers
v0xe3dec0_0 .net "b", 0 0, L_0xe49b80;  1 drivers
v0xe3df90_0 .net "cin", 0 0, L_0xe49320;  alias, 1 drivers
v0xe3e0b0_0 .net "cout", 0 0, L_0xe499a0;  alias, 1 drivers
v0xe3e150_0 .net "cout_tmp1", 0 0, L_0xe496a0;  1 drivers
v0xe3e240_0 .net "cout_tmp2", 0 0, L_0xe49910;  1 drivers
v0xe3e2e0_0 .net "s", 0 0, L_0xe49780;  1 drivers
v0xe3e3b0_0 .net "s_tmp", 0 0, L_0xe495a0;  1 drivers
S_0xe3d270 .scope module, "h0" "halfadder" 3 27, 3 10 0, S_0xe3cff0;
 .timescale -9 -12;
    .port_info 0 /INPUT 1 "a";
    .port_info 1 /INPUT 1 "b";
    .port_info 2 /OUTPUT 1 "s";
    .port_info 3 /OUTPUT 1 "cout";
L_0xe495a0 .functor XOR 1, L_0xe49a50, L_0xe49b80, C4<0>, C4<0>;
L_0xe496a0 .functor AND 1, L_0xe49a50, L_0xe49b80, C4<1>, C4<1>;
v0xe3d480_0 .net "a", 0 0, L_0xe49a50;  alias, 1 drivers
v0xe3d560_0 .net "b", 0 0, L_0xe49b80;  alias, 1 drivers
v0xe3d620_0 .net "cout", 0 0, L_0xe496a0;  alias, 1 drivers
v0xe3d6f0_0 .net "s", 0 0, L_0xe495a0;  alias, 1 drivers
S_0xe3d860 .scope module, "h1" "halfadder" 3 28, 3 10 0, S_0xe3cff0;
 .timescale -9 -12;
    .port_info 0 /INPUT 1 "a";
    .port_info 1 /INPUT 1 "b";
    .port_info 2 /OUTPUT 1 "s";
    .port_info 3 /OUTPUT 1 "cout";
L_0xe49780 .functor XOR 1, L_0xe495a0, L_0xe49320, C4<0>, C4<0>;
L_0xe49910 .functor AND 1, L_0xe495a0, L_0xe49320, C4<1>, C4<1>;
v0xe3da60_0 .net "a", 0 0, L_0xe495a0;  alias, 1 drivers
v0xe3db30_0 .net "b", 0 0, L_0xe49320;  alias, 1 drivers
v0xe3dc00_0 .net "cout", 0 0, L_0xe49910;  alias, 1 drivers
v0xe3dcd0_0 .net "s", 0 0, L_0xe49780;  alias, 1 drivers
S_0xe3e9d0 .scope module, "ha" "halfadder" 2 26, 3 10 0, S_0xe107e0;
 .timescale -9 -12;
    .port_info 0 /INPUT 1 "a";
    .port_info 1 /INPUT 1 "b";
    .port_info 2 /OUTPUT 1 "s";
    .port_info 3 /OUTPUT 1 "cout";
L_0xe482a0 .functor XOR 1, v0xe47000_0, v0xe47780_0, C4<0>, C4<0>;
L_0xe48430 .functor AND 1, v0xe47000_0, v0xe47780_0, C4<1>, C4<1>;
v0xe3ebe0_0 .net "a", 0 0, v0xe47000_0;  alias, 1 drivers
v0xe3ecd0_0 .net "b", 0 0, v0xe47780_0;  alias, 1 drivers
v0xe3ede0_0 .net "cout", 0 0, L_0xe48430;  alias, 1 drivers
v0xe3ee80_0 .net "s", 0 0, L_0xe482a0;  alias, 1 drivers
S_0xe3efa0 .scope task, "printPoints" "printPoints" 4 1, 4 1 0, S_0xe107e0;
 .timescale -9 -12;
v0xe3f180_0 .var "actual", 31 0;
v0xe3f280_0 .var "possible", 31 0;
TD_test_adders.printPoints ;
    %vpi_call 4 4 "$display", "<scorePossible>%d</scorePossible>", v0xe3f280_0 {0 0 0};
    %vpi_call 4 5 "$display", "<scoreActual>%d</scoreActual>", v0xe3f180_0 {0 0 0};
    %end;
S_0xe3f360 .scope module, "r0" "rca4" 2 45, 3 47 0, S_0xe107e0;
 .timescale -9 -12;
    .port_info 0 /INPUT 8 "SWITCH";
    .port_info 1 /OUTPUT 8 "LED";
v0xe45c90_0 .net "LED", 7 0, L_0xe4c6c0;  alias, 1 drivers
v0xe45d90_0 .net "SWITCH", 7 0, L_0xe4c850;  1 drivers
L_0x7f5e3b720210 .functor BUFT 1, C4<0000>, C4<0>, C4<0>, C4<0>;
v0xe45e70_0 .net/2u *"_ivl_17", 3 0, L_0x7f5e3b720210;  1 drivers
v0xe45f30_0 .net "cout0", 0 0, L_0xe4b020;  1 drivers
L_0xe4b3d0 .part L_0xe4c850, 0, 2;
L_0xe4b470 .part L_0xe4c850, 4, 2;
L_0xe4c4f0 .part L_0xe4c850, 2, 2;
L_0xe4c590 .part L_0xe4c850, 6, 2;
L_0xe4c6c0 .concat8 [ 2 2 4 0], L_0xe4b330, L_0xe4c450, L_0x7f5e3b720210;
S_0xe3f5b0 .scope module, "a0" "fulladder2" 3 50, 3 33 0, S_0xe3f360;
 .timescale -9 -12;
    .port_info 0 /INPUT 1 "cin";
    .port_info 1 /INPUT 2 "a";
    .port_info 2 /INPUT 2 "b";
    .port_info 3 /OUTPUT 2 "s";
    .port_info 4 /OUTPUT 1 "cout";
v0xe42370_0 .net "a", 1 0, L_0xe4b3d0;  1 drivers
v0xe42470_0 .net "b", 1 0, L_0xe4b470;  1 drivers
L_0x7f5e3b7201c8 .functor BUFT 1, C4<0>, C4<0>, C4<0>, C4<0>;
v0xe42550_0 .net "cin", 0 0, L_0x7f5e3b7201c8;  1 drivers
v0xe42640_0 .net "cout", 0 0, L_0xe4b020;  alias, 1 drivers
v0xe426e0_0 .net "cout_tmp", 0 0, L_0xe4a9b0;  1 drivers
v0xe427d0_0 .net "s", 1 0, L_0xe4b330;  1 drivers
L_0xe4aad0 .part L_0xe4b3d0, 0, 1;
L_0xe4ac00 .part L_0xe4b470, 0, 1;
L_0xe4b0d0 .part L_0xe4b3d0, 1, 1;
L_0xe4b200 .part L_0xe4b470, 1, 1;
L_0xe4b330 .concat8 [ 1 1 0 0], L_0xe4a760, L_0xe4ae50;
S_0xe3f830 .scope module, "a0" "fulladder" 3 40, 3 20 0, S_0xe3f5b0;
 .timescale -9 -12;
    .port_info 0 /INPUT 1 "cin";
    .port_info 1 /INPUT 1 "a";
    .port_info 2 /INPUT 1 "b";
    .port_info 3 /OUTPUT 1 "s";
    .port_info 4 /OUTPUT 1 "cout";
L_0xe4a9b0 .functor OR 1, L_0xe4a240, L_0xe4a8b0, C4<0>, C4<0>;
v0xe40750_0 .net "a", 0 0, L_0xe4aad0;  1 drivers
v0xe40810_0 .net "b", 0 0, L_0xe4ac00;  1 drivers
v0xe408e0_0 .net "cin", 0 0, L_0x7f5e3b7201c8;  alias, 1 drivers
v0xe409e0_0 .net "cout", 0 0, L_0xe4a9b0;  alias, 1 drivers
v0xe40a80_0 .net "cout_tmp1", 0 0, L_0xe4a240;  1 drivers
v0xe40b70_0 .net "cout_tmp2", 0 0, L_0xe4a8b0;  1 drivers
v0xe40c40_0 .net "s", 0 0, L_0xe4a760;  1 drivers
v0xe40d10_0 .net "s_tmp", 0 0, L_0xe4a350;  1 drivers
S_0xe3fab0 .scope module, "h0" "halfadder" 3 27, 3 10 0, S_0xe3f830;
 .timescale -9 -12;
    .port_info 0 /INPUT 1 "a";
    .port_info 1 /INPUT 1 "b";
    .port_info 2 /OUTPUT 1 "s";
    .port_info 3 /OUTPUT 1 "cout";
L_0xe4a350 .functor XOR 1, L_0xe4aad0, L_0xe4ac00, C4<0>, C4<0>;
L_0xe4a240 .functor AND 1, L_0xe4aad0, L_0xe4ac00, C4<1>, C4<1>;
v0xe3fd50_0 .net "a", 0 0, L_0xe4aad0;  alias, 1 drivers
v0xe3fe30_0 .net "b", 0 0, L_0xe4ac00;  alias, 1 drivers
v0xe3fef0_0 .net "cout", 0 0, L_0xe4a240;  alias, 1 drivers
v0xe3ffc0_0 .net "s", 0 0, L_0xe4a350;  alias, 1 drivers
S_0xe40130 .scope module, "h1" "halfadder" 3 28, 3 10 0, S_0xe3f830;
 .timescale -9 -12;
    .port_info 0 /INPUT 1 "a";
    .port_info 1 /INPUT 1 "b";
    .port_info 2 /OUTPUT 1 "s";
    .port_info 3 /OUTPUT 1 "cout";
L_0xe4a760 .functor XOR 1, L_0xe4a350, L_0x7f5e3b7201c8, C4<0>, C4<0>;
L_0xe4a8b0 .functor AND 1, L_0xe4a350, L_0x7f5e3b7201c8, C4<1>, C4<1>;
v0xe403a0_0 .net "a", 0 0, L_0xe4a350;  alias, 1 drivers
v0xe40470_0 .net "b", 0 0, L_0x7f5e3b7201c8;  alias, 1 drivers
v0xe40510_0 .net "cout", 0 0, L_0xe4a8b0;  alias, 1 drivers
v0xe405e0_0 .net "s", 0 0, L_0xe4a760;  alias, 1 drivers
S_0xe40e00 .scope module, "a1" "fulladder" 3 41, 3 20 0, S_0xe3f5b0;
 .timescale -9 -12;
    .port_info 0 /INPUT 1 "cin";
    .port_info 1 /INPUT 1 "a";
    .port_info 2 /INPUT 1 "b";
    .port_info 3 /OUTPUT 1 "s";
    .port_info 4 /OUTPUT 1 "cout";
L_0xe4b020 .functor OR 1, L_0xe4adc0, L_0xe4af90, C4<0>, C4<0>;
v0xe41cd0_0 .net "a", 0 0, L_0xe4b0d0;  1 drivers
v0xe41d90_0 .net "b", 0 0, L_0xe4b200;  1 drivers
v0xe41e60_0 .net "cin", 0 0, L_0xe4a9b0;  alias, 1 drivers
v0xe41f80_0 .net "cout", 0 0, L_0xe4b020;  alias, 1 drivers
v0xe42020_0 .net "cout_tmp1", 0 0, L_0xe4adc0;  1 drivers
v0xe42110_0 .net "cout_tmp2", 0 0, L_0xe4af90;  1 drivers
v0xe421b0_0 .net "s", 0 0, L_0xe4ae50;  1 drivers
v0xe42280_0 .net "s_tmp", 0 0, L_0xe4ad30;  1 drivers
S_0xe41060 .scope module, "h0" "halfadder" 3 27, 3 10 0, S_0xe40e00;
 .timescale -9 -12;
    .port_info 0 /INPUT 1 "a";
    .port_info 1 /INPUT 1 "b";
    .port_info 2 /OUTPUT 1 "s";
    .port_info 3 /OUTPUT 1 "cout";
L_0xe4ad30 .functor XOR 1, L_0xe4b0d0, L_0xe4b200, C4<0>, C4<0>;
L_0xe4adc0 .functor AND 1, L_0xe4b0d0, L_0xe4b200, C4<1>, C4<1>;
v0xe412e0_0 .net "a", 0 0, L_0xe4b0d0;  alias, 1 drivers
v0xe413c0_0 .net "b", 0 0, L_0xe4b200;  alias, 1 drivers
v0xe41480_0 .net "cout", 0 0, L_0xe4adc0;  alias, 1 drivers
v0xe41550_0 .net "s", 0 0, L_0xe4ad30;  alias, 1 drivers
S_0xe416c0 .scope module, "h1" "halfadder" 3 28, 3 10 0, S_0xe40e00;
 .timescale -9 -12;
    .port_info 0 /INPUT 1 "a";
    .port_info 1 /INPUT 1 "b";
    .port_info 2 /OUTPUT 1 "s";
    .port_info 3 /OUTPUT 1 "cout";
L_0xe4ae50 .functor XOR 1, L_0xe4ad30, L_0xe4a9b0, C4<0>, C4<0>;
L_0xe4af90 .functor AND 1, L_0xe4ad30, L_0xe4a9b0, C4<1>, C4<1>;
v0xe41930_0 .net "a", 0 0, L_0xe4ad30;  alias, 1 drivers
v0xe41a00_0 .net "b", 0 0, L_0xe4a9b0;  alias, 1 drivers
v0xe41ad0_0 .net "cout", 0 0, L_0xe4af90;  alias, 1 drivers
v0xe41ba0_0 .net "s", 0 0, L_0xe4ae50;  alias, 1 drivers
S_0xe42910 .scope module, "a3" "fulladder2" 3 51, 3 33 0, S_0xe3f360;
 .timescale -9 -12;
    .port_info 0 /INPUT 1 "cin";
    .port_info 1 /INPUT 2 "a";
    .port_info 2 /INPUT 2 "b";
    .port_info 3 /OUTPUT 2 "s";
    .port_info 4 /OUTPUT 1 "cout";
v0xe456d0_0 .net "a", 1 0, L_0xe4c4f0;  1 drivers
v0xe457d0_0 .net "b", 1 0, L_0xe4c590;  1 drivers
v0xe458b0_0 .net "cin", 0 0, L_0xe4b020;  alias, 1 drivers
v0xe459e0_0 .net "cout", 0 0, L_0xe4c0f0;  1 drivers
v0xe45ab0_0 .net "cout_tmp", 0 0, L_0xe4baa0;  1 drivers
v0xe45b50_0 .net "s", 1 0, L_0xe4c450;  1 drivers
L_0xe4bb50 .part L_0xe4c4f0, 0, 1;
L_0xe4bc80 .part L_0xe4c590, 0, 1;
L_0xe4c1f0 .part L_0xe4c4f0, 1, 1;
L_0xe4c320 .part L_0xe4c590, 1, 1;
L_0xe4c450 .concat8 [ 1 1 0 0], L_0xe4b770, L_0xe4bed0;
S_0xe42b90 .scope module, "a0" "fulladder" 3 40, 3 20 0, S_0xe42910;
 .timescale -9 -12;
    .port_info 0 /INPUT 1 "cin";
    .port_info 1 /INPUT 1 "a";
    .port_info 2 /INPUT 1 "b";
    .port_info 3 /OUTPUT 1 "s";
    .port_info 4 /OUTPUT 1 "cout";
L_0xe4baa0 .functor OR 1, L_0xe4b690, L_0xe4b900, C4<0>, C4<0>;
v0xe43ac0_0 .net "a", 0 0, L_0xe4bb50;  1 drivers
v0xe43b80_0 .net "b", 0 0, L_0xe4bc80;  1 drivers
v0xe43c50_0 .net "cin", 0 0, L_0xe4b020;  alias, 1 drivers
v0xe43d20_0 .net "cout", 0 0, L_0xe4baa0;  alias, 1 drivers
v0xe43dc0_0 .net "cout_tmp1", 0 0, L_0xe4b690;  1 drivers
v0xe43eb0_0 .net "cout_tmp2", 0 0, L_0xe4b900;  1 drivers
v0xe43f80_0 .net "s", 0 0, L_0xe4b770;  1 drivers
v0xe44050_0 .net "s_tmp", 0 0, L_0xe4b560;  1 drivers
S_0xe42e20 .scope module, "h0" "halfadder" 3 27, 3 10 0, S_0xe42b90;
 .timescale -9 -12;
    .port_info 0 /INPUT 1 "a";
    .port_info 1 /INPUT 1 "b";
    .port_info 2 /OUTPUT 1 "s";
    .port_info 3 /OUTPUT 1 "cout";
L_0xe4b560 .functor XOR 1, L_0xe4bb50, L_0xe4bc80, C4<0>, C4<0>;
L_0xe4b690 .functor AND 1, L_0xe4bb50, L_0xe4bc80, C4<1>, C4<1>;
v0xe430c0_0 .net "a", 0 0, L_0xe4bb50;  alias, 1 drivers
v0xe431a0_0 .net "b", 0 0, L_0xe4bc80;  alias, 1 drivers
v0xe43260_0 .net "cout", 0 0, L_0xe4b690;  alias, 1 drivers
v0xe43330_0 .net "s", 0 0, L_0xe4b560;  alias, 1 drivers
S_0xe434a0 .scope module, "h1" "halfadder" 3 28, 3 10 0, S_0xe42b90;
 .timescale -9 -12;
    .port_info 0 /INPUT 1 "a";
    .port_info 1 /INPUT 1 "b";
    .port_info 2 /OUTPUT 1 "s";
    .port_info 3 /OUTPUT 1 "cout";
L_0xe4b770 .functor XOR 1, L_0xe4b560, L_0xe4b020, C4<0>, C4<0>;
L_0xe4b900 .functor AND 1, L_0xe4b560, L_0xe4b020, C4<1>, C4<1>;
v0xe43710_0 .net "a", 0 0, L_0xe4b560;  alias, 1 drivers
v0xe437e0_0 .net "b", 0 0, L_0xe4b020;  alias, 1 drivers
v0xe438d0_0 .net "cout", 0 0, L_0xe4b900;  alias, 1 drivers
v0xe43970_0 .net "s", 0 0, L_0xe4b770;  alias, 1 drivers
S_0xe44140 .scope module, "a1" "fulladder" 3 41, 3 20 0, S_0xe42910;
 .timescale -9 -12;
    .port_info 0 /INPUT 1 "cin";
    .port_info 1 /INPUT 1 "a";
    .port_info 2 /INPUT 1 "b";
    .port_info 3 /OUTPUT 1 "s";
    .port_info 4 /OUTPUT 1 "cout";
L_0xe4c0f0 .functor OR 1, L_0xe4be40, L_0xe4c060, C4<0>, C4<0>;
v0xe45030_0 .net "a", 0 0, L_0xe4c1f0;  1 drivers
v0xe450f0_0 .net "b", 0 0, L_0xe4c320;  1 drivers
v0xe451c0_0 .net "cin", 0 0, L_0xe4baa0;  alias, 1 drivers
v0xe452e0_0 .net "cout", 0 0, L_0xe4c0f0;  alias, 1 drivers
v0xe45380_0 .net "cout_tmp1", 0 0, L_0xe4be40;  1 drivers
v0xe45470_0 .net "cout_tmp2", 0 0, L_0xe4c060;  1 drivers
v0xe45510_0 .net "s", 0 0, L_0xe4bed0;  1 drivers
v0xe455e0_0 .net "s_tmp", 0 0, L_0xe4bdb0;  1 drivers
S_0xe443c0 .scope module, "h0" "halfadder" 3 27, 3 10 0, S_0xe44140;
 .timescale -9 -12;
    .port_info 0 /INPUT 1 "a";
    .port_info 1 /INPUT 1 "b";
    .port_info 2 /OUTPUT 1 "s";
    .port_info 3 /OUTPUT 1 "cout";
L_0xe4bdb0 .functor XOR 1, L_0xe4c1f0, L_0xe4c320, C4<0>, C4<0>;
L_0xe4be40 .functor AND 1, L_0xe4c1f0, L_0xe4c320, C4<1>, C4<1>;
v0xe44640_0 .net "a", 0 0, L_0xe4c1f0;  alias, 1 drivers
v0xe44720_0 .net "b", 0 0, L_0xe4c320;  alias, 1 drivers
v0xe447e0_0 .net "cout", 0 0, L_0xe4be40;  alias, 1 drivers
v0xe448b0_0 .net "s", 0 0, L_0xe4bdb0;  alias, 1 drivers
S_0xe44a20 .scope module, "h1" "halfadder" 3 28, 3 10 0, S_0xe44140;
 .timescale -9 -12;
    .port_info 0 /INPUT 1 "a";
    .port_info 1 /INPUT 1 "b";
    .port_info 2 /OUTPUT 1 "s";
    .port_info 3 /OUTPUT 1 "cout";
L_0xe4bed0 .functor XOR 1, L_0xe4bdb0, L_0xe4baa0, C4<0>, C4<0>;
L_0xe4c060 .functor AND 1, L_0xe4bdb0, L_0xe4baa0, C4<1>, C4<1>;
v0xe44c90_0 .net "a", 0 0, L_0xe4bdb0;  alias, 1 drivers
v0xe44d60_0 .net "b", 0 0, L_0xe4baa0;  alias, 1 drivers
v0xe44e30_0 .net "cout", 0 0, L_0xe4c060;  alias, 1 drivers
v0xe44f00_0 .net "s", 0 0, L_0xe4bed0;  alias, 1 drivers
    .scope S_0xe107e0;
T_1 ;
    %vpi_call 2 52 "$dumpfile", "rca.vcd" {0 0 0};
    %vpi_call 2 53 "$dumpvars" {0 0 0};
    %pushi/vec4 0, 0, 1;
    %store/vec4 v0xe47000_0, 0, 1;
    %pushi/vec4 0, 0, 1;
    %store/vec4 v0xe47780_0, 0, 1;
    %pushi/vec4 0, 0, 32;
    %store/vec4 v0xe47a30_0, 0, 32;
    %pushi/vec4 0, 0, 32;
    %store/vec4 v0xe481c0_0, 0, 32;
    %delay 100000, 0;
    %pushi/vec4 0, 0, 32;
    %store/vec4 v0xe480e0_0, 0, 32;
T_1.0 ;
    %load/vec4 v0xe480e0_0;
    %cmpi/s 3, 0, 32;
    %flag_or 5, 4;
    %jmp/0xz T_1.1, 5;
    %load/vec4 v0xe480e0_0;
    %parti/s 1, 0, 2;
    %store/vec4 v0xe47000_0, 0, 1;
    %load/vec4 v0xe480e0_0;
    %parti/s 1, 1, 2;
    %store/vec4 v0xe47780_0, 0, 1;
    %delay 6000, 0;
    %load/vec4 v0xe481c0_0;
    %addi 2, 0, 32;
    %store/vec4 v0xe481c0_0, 0, 32;
    %load/vec4 v0xe480e0_0;
    %dup/vec4;
    %pushi/vec4 0, 0, 32;
    %cmp/u;
    %jmp/1 T_1.2, 6;
    %dup/vec4;
    %pushi/vec4 3, 0, 32;
    %cmp/u;
    %jmp/1 T_1.3, 6;
    %dup/vec4;
    %pushi/vec4 1, 0, 32;
    %cmp/u;
    %jmp/1 T_1.4, 6;
    %dup/vec4;
    %pushi/vec4 2, 0, 32;
    %cmp/u;
    %jmp/1 T_1.5, 6;
    %jmp T_1.6;
T_1.2 ;
    %load/vec4 v0xe475e0_0;
    %pad/u 32;
    %cmpi/ne 0, 0, 32;
    %jmp/0xz  T_1.7, 6;
    %load/vec4 v0xe47a30_0;
    %cmpi/s 15, 0, 32;
    %jmp/0xz  T_1.9, 5;
    %vpi_call 2 78 "$display", "[halfadder] ERROR: %b + %b should produce sum=0 but was %b instead", v0xe47000_0, v0xe47780_0, v0xe475e0_0 {0 0 0};
T_1.9 ;
    %load/vec4 v0xe47a30_0;
    %addi 1, 0, 32;
    %store/vec4 v0xe47a30_0, 0, 32;
T_1.7 ;
    %jmp T_1.6;
T_1.3 ;
    %load/vec4 v0xe475e0_0;
    %pad/u 32;
    %cmpi/ne 0, 0, 32;
    %jmp/0xz  T_1.11, 6;
    %load/vec4 v0xe47a30_0;
    %cmpi/s 15, 0, 32;
    %jmp/0xz  T_1.13, 5;
    %vpi_call 2 78 "$display", "[halfadder] ERROR: %b + %b should produce sum=0 but was %b instead", v0xe47000_0, v0xe47780_0, v0xe475e0_0 {0 0 0};
T_1.13 ;
    %load/vec4 v0xe47a30_0;
    %addi 1, 0, 32;
    %store/vec4 v0xe47a30_0, 0, 32;
T_1.11 ;
    %jmp T_1.6;
T_1.4 ;
    %load/vec4 v0xe475e0_0;
    %pad/u 32;
    %cmpi/ne 1, 0, 32;
    %jmp/0xz  T_1.15, 6;
    %load/vec4 v0xe47a30_0;
    %cmpi/s 15, 0, 32;
    %jmp/0xz  T_1.17, 5;
    %vpi_call 2 85 "$display", "[halfadder] ERROR: %b + %b should produce sum=1 but was %b instead", v0xe47000_0, v0xe47780_0, v0xe475e0_0 {0 0 0};
T_1.17 ;
    %load/vec4 v0xe47a30_0;
    %addi 1, 0, 32;
    %store/vec4 v0xe47a30_0, 0, 32;
T_1.15 ;
    %jmp T_1.6;
T_1.5 ;
    %load/vec4 v0xe475e0_0;
    %pad/u 32;
    %cmpi/ne 1, 0, 32;
    %jmp/0xz  T_1.19, 6;
    %load/vec4 v0xe47a30_0;
    %cmpi/s 15, 0, 32;
    %jmp/0xz  T_1.21, 5;
    %vpi_call 2 85 "$display", "[halfadder] ERROR: %b + %b should produce sum=1 but was %b instead", v0xe47000_0, v0xe47780_0, v0xe475e0_0 {0 0 0};
T_1.21 ;
    %load/vec4 v0xe47a30_0;
    %addi 1, 0, 32;
    %store/vec4 v0xe47a30_0, 0, 32;
T_1.19 ;
    %jmp T_1.6;
T_1.6 ;
    %pop/vec4 1;
    %load/vec4 v0xe480e0_0;
    %cmpi/s 3, 0, 32;
    %flag_get/vec4 5;
    %pushi/vec4 0, 0, 32;
    %load/vec4 v0xe47540_0;
    %pad/u 32;
    %cmp/ne;
    %flag_get/vec4 6;
    %and;
    %flag_set/vec4 8;
    %jmp/0xz  T_1.23, 8;
    %load/vec4 v0xe47a30_0;
    %cmpi/s 15, 0, 32;
    %jmp/0xz  T_1.25, 5;
    %vpi_call 2 94 "$display", "[halfadder] ERROR: %b + %b should produce cout=0 but was %b instead", v0xe47000_0, v0xe47780_0, v0xe47540_0 {0 0 0};
T_1.25 ;
    %load/vec4 v0xe47a30_0;
    %addi 1, 0, 32;
    %store/vec4 v0xe47a30_0, 0, 32;
T_1.23 ;
    %load/vec4 v0xe480e0_0;
    %pushi/vec4 3, 0, 32;
    %cmp/e;
    %flag_get/vec4 4;
    %pushi/vec4 1, 0, 32;
    %load/vec4 v0xe47540_0;
    %pad/u 32;
    %cmp/ne;
    %flag_get/vec4 6;
    %and;
    %flag_set/vec4 8;
    %jmp/0xz  T_1.27, 8;
    %load/vec4 v0xe47a30_0;
    %cmpi/s 15, 0, 32;
    %jmp/0xz  T_1.29, 5;
    %vpi_call 2 100 "$display", "[halfadder] ERROR: %b + %b should produce cout=1 but was %b instead", v0xe47000_0, v0xe47780_0, v0xe47540_0 {0 0 0};
T_1.29 ;
    %load/vec4 v0xe47a30_0;
    %addi 1, 0, 32;
    %store/vec4 v0xe47a30_0, 0, 32;
T_1.27 ;
    %load/vec4 v0xe480e0_0;
    %addi 1, 0, 32;
    %store/vec4 v0xe480e0_0, 0, 32;
    %jmp T_1.0;
T_1.1 ;
    %pushi/vec4 0, 0, 32;
    %store/vec4 v0xe480e0_0, 0, 32;
T_1.31 ;
    %load/vec4 v0xe480e0_0;
    %cmpi/s 7, 0, 32;
    %flag_or 5, 4;
    %jmp/0xz T_1.32, 5;
    %load/vec4 v0xe480e0_0;
    %parti/s 1, 0, 2;
    %store/vec4 v0xe47000_0, 0, 1;
    %load/vec4 v0xe480e0_0;
    %parti/s 1, 1, 2;
    %store/vec4 v0xe47780_0, 0, 1;
    %load/vec4 v0xe480e0_0;
    %parti/s 1, 2, 3;
    %store/vec4 v0xe47990_0, 0, 1;
    %delay 6000, 0;
    %load/vec4 v0xe481c0_0;
    %addi 2, 0, 32;
    %store/vec4 v0xe481c0_0, 0, 32;
    %load/vec4 v0xe47e80_0;
    %load/vec4 v0xe47380_0;
    %cmp/ne;
    %jmp/0xz  T_1.33, 6;
    %load/vec4 v0xe47a30_0;
    %cmpi/s 15, 0, 32;
    %jmp/0xz  T_1.35, 5;
    %vpi_call 2 120 "$display", "[fulladder] ERROR: %b + %b should produce cout=%b but was %b instead", v0xe47000_0, v0xe47780_0, v0xe47e80_0, v0xe47380_0 {0 0 0};
T_1.35 ;
    %load/vec4 v0xe47a30_0;
    %addi 1, 0, 32;
    %store/vec4 v0xe47a30_0, 0, 32;
T_1.33 ;
    %load/vec4 v0xe47f40_0;
    %load/vec4 v0xe47450_0;
    %cmp/ne;
    %jmp/0xz  T_1.37, 6;
    %load/vec4 v0xe47a30_0;
    %cmpi/s 15, 0, 32;
    %jmp/0xz  T_1.39, 5;
    %vpi_call 2 126 "$display", "[fulladder] ERROR: %b + %b should produce sum=%b but was %b instead", v0xe47000_0, v0xe47780_0, v0xe47f40_0, v0xe47450_0 {0 0 0};
T_1.39 ;
    %load/vec4 v0xe47a30_0;
    %addi 1, 0, 32;
    %store/vec4 v0xe47a30_0, 0, 32;
T_1.37 ;
    %load/vec4 v0xe480e0_0;
    %addi 1, 0, 32;
    %store/vec4 v0xe480e0_0, 0, 32;
    %jmp T_1.31;
T_1.32 ;
    %pushi/vec4 0, 0, 32;
    %store/vec4 v0xe480e0_0, 0, 32;
T_1.41 ;
    %load/vec4 v0xe480e0_0;
    %cmpi/s 31, 0, 32;
    %flag_or 5, 4;
    %jmp/0xz T_1.42, 5;
    %load/vec4 v0xe480e0_0;
    %parti/s 2, 0, 2;
    %store/vec4 v0xe470a0_0, 0, 2;
    %load/vec4 v0xe480e0_0;
    %parti/s 2, 2, 3;
    %store/vec4 v0xe47820_0, 0, 2;
    %load/vec4 v0xe480e0_0;
    %parti/s 1, 4, 4;
    %store/vec4 v0xe47990_0, 0, 1;
    %delay 6000, 0;
    %load/vec4 v0xe481c0_0;
    %addi 2, 0, 32;
    %store/vec4 v0xe481c0_0, 0, 32;
    %load/vec4 v0xe47ad0_0;
    %load/vec4 v0xe47220_0;
    %cmp/ne;
    %jmp/0xz  T_1.43, 6;
    %load/vec4 v0xe47a30_0;
    %cmpi/s 15, 0, 32;
    %jmp/0xz  T_1.45, 5;
    %vpi_call 2 145 "$display", "[fulladder2] ERROR: %b + %b should produce cout=%b but was %b instead", v0xe470a0_0, v0xe47820_0, v0xe47ad0_0, v0xe47220_0 {0 0 0};
T_1.45 ;
    %load/vec4 v0xe47a30_0;
    %addi 1, 0, 32;
    %store/vec4 v0xe47a30_0, 0, 32;
T_1.43 ;
    %load/vec4 v0xe47da0_0;
    %load/vec4 v0xe472c0_0;
    %cmp/ne;
    %jmp/0xz  T_1.47, 6;
    %load/vec4 v0xe47a30_0;
    %cmpi/s 15, 0, 32;
    %jmp/0xz  T_1.49, 5;
    %vpi_call 2 151 "$display", "[fulladder2] ERROR: %b + %b should produce sum=%b but was %b instead", v0xe470a0_0, v0xe47820_0, v0xe47da0_0, v0xe472c0_0 {0 0 0};
T_1.49 ;
    %load/vec4 v0xe47a30_0;
    %addi 1, 0, 32;
    %store/vec4 v0xe47a30_0, 0, 32;
T_1.47 ;
    %load/vec4 v0xe480e0_0;
    %addi 1, 0, 32;
    %store/vec4 v0xe480e0_0, 0, 32;
    %jmp T_1.41;
T_1.42 ;
    %pushi/vec4 0, 0, 32;
    %store/vec4 v0xe480e0_0, 0, 32;
T_1.51 ;
    %load/vec4 v0xe480e0_0;
    %cmpi/s 255, 0, 32;
    %flag_or 5, 4;
    %jmp/0xz T_1.52, 5;
    %load/vec4 v0xe480e0_0;
    %parti/s 4, 0, 2;
    %store/vec4 v0xe47160_0, 0, 4;
    %load/vec4 v0xe480e0_0;
    %parti/s 4, 4, 4;
    %store/vec4 v0xe478f0_0, 0, 4;
    %delay 6000, 0;
    %load/vec4 v0xe481c0_0;
    %addi 1, 0, 32;
    %store/vec4 v0xe481c0_0, 0, 32;
    %load/vec4 v0xe48000_0;
    %pad/u 8;
    %load/vec4 v0xe476b0_0;
    %cmp/ne;
    %jmp/0xz  T_1.53, 6;
    %load/vec4 v0xe47a30_0;
    %cmpi/s 15, 0, 32;
    %jmp/0xz  T_1.55, 5;
    %vpi_call 2 170 "$display", "[rca4] ERROR: %b + %b should produce sum=%b but was %b instead", v0xe47160_0, v0xe478f0_0, v0xe48000_0, v0xe476b0_0 {0 0 0};
T_1.55 ;
    %load/vec4 v0xe47a30_0;
    %addi 1, 0, 32;
    %store/vec4 v0xe47a30_0, 0, 32;
T_1.53 ;
    %load/vec4 v0xe480e0_0;
    %addi 1, 0, 32;
    %store/vec4 v0xe480e0_0, 0, 32;
    %jmp T_1.51;
T_1.52 ;
    %load/vec4 v0xe47a30_0;
    %cmpi/s 15, 0, 32;
    %flag_or 5, 4; GT is !LE
    %flag_inv 5;
    %jmp/0xz  T_1.57, 5;
    %load/vec4 v0xe47a30_0;
    %subi 15, 0, 32;
    %vpi_call 2 177 "$display", "Additional %d errors NOT printed.", S<0,vec4,s32> {1 0 0};
T_1.57 ;
    %vpi_call 2 179 "$display", "Simulation finished: %d test cases %d errors", v0xe481c0_0, v0xe47a30_0 {0 0 0};
    %load/vec4 v0xe481c0_0;
    %store/vec4 v0xe3f280_0, 0, 32;
    %load/vec4 v0xe481c0_0;
    %load/vec4 v0xe47a30_0;
    %sub;
    %store/vec4 v0xe3f180_0, 0, 32;
    %fork TD_test_adders.printPoints, S_0xe3efa0;
    %join;
    %vpi_call 2 181 "$finish" {0 0 0};
    %end;
    .thread T_1;
# The file index is used to find the file name in the following table.
:file_names 5;
    "N/A";
    "<interactive>";
    "rca_testbench.v";
    "rca.v";
    "./print_points.v";
